[00026.170689] 
yosys> stat -top mesh_xy_noc -liberty osu18_std.lib -tech cmos
[00026.177552] 
[00026.177558] 16. Printing statistics.
[00026.200776] 
[00026.200799] === mesh_xy_noc ===
[00026.200802] 
[00026.200806]    Number of wires:              25371
[00026.200810]    Number of wire bits:          41768
[00026.200812]    Number of public wires:        1795
[00026.200815]    Number of public wire bits:   18192
[00026.200817]    Number of memories:               0
[00026.200822]    Number of memory bits:            0
[00026.200824]    Number of processes:              0
[00026.200826]    Number of cells:              30965
[00026.200829]      AND2X1                       1026
[00026.200832]      AOI21X1                       288
[00026.200837]      AOI22X1                      3371
[00026.200840]      DFFSR                        7278
[00026.200844]      INVX1                        3076
[00026.200849]      MUX2X1                       1940
[00026.200851]      NAND2X1                      5064
[00026.200855]      NAND3X1                       950
[00026.200858]      NOR2X1                       2022
[00026.200861]      NOR3X1                         37
[00026.200864]      OAI21X1                      5267
[00026.200867]      OAI22X1                        23
[00026.200870]      OR2X1                         282
[00026.200874]      XNOR2X1                       291
[00026.200877]      XOR2X1                         50
[00026.200879] 
[00026.200886]    Chip area for module '\mesh_xy_noc': 1956965.000000
[00026.200902] 
[00026.200905]    Estimated number of transistors:          0+
[00026.200909] 
