[00037.737277] 
[00037.741269] 15. Printing statistics.
[00037.756929] 
[00037.756951] === mesh_wormhole_xy_noc ===
[00037.756958] 
[00037.756963]    Number of wires:              19579
[00037.756966]    Number of wire bits:          35281
[00037.756970]    Number of public wires:        3906
[00037.756972]    Number of public wire bits:   19608
[00037.756975]    Number of memories:               0
[00037.756977]    Number of memory bits:            0
[00037.756981]    Number of processes:              0
[00037.756983]    Number of cells:              19725
[00037.756986]      AND2X1                        714
[00037.756990]      AOI21X1                       633
[00037.756993]      AOI22X1                      1250
[00037.756998]      BUFX2                         125
[00037.757004]      DFFSR                        3782
[00037.757008]      INVX1                        2505
[00037.757012]      MUX2X1                       1071
[00037.757016]      NAND2X1                      2975
[00037.757020]      NAND3X1                       895
[00037.757024]      NOR2X1                       1472
[00037.757028]      NOR3X1                        166
[00037.757031]      OAI21X1                      3152
[00037.757037]      OAI22X1                       315
[00037.757040]      OR2X1                         331
[00037.757044]      XNOR2X1                       276
[00037.757048]      XOR2X1                         63
[00037.757052] 
[00037.757061]    Chip area for module '\mesh_wormhole_xy_noc': 1117468.000000
[00037.757080] 
[00037.757084]    Estimated number of transistors:          0+
[00037.757089] 
