[00022.081741] 
yosys> stat -top mesh_xy_noc -liberty osu18_std.lib -tech cmos
[00022.086285] 
[00022.086291] 16. Printing statistics.
[00022.101797] 
[00022.101818] === mesh_xy_noc ===
[00022.101821] 
[00022.101828]    Number of wires:              17298
[00022.101832]    Number of wire bits:          35260
[00022.101835]    Number of public wires:        2234
[00022.101837]    Number of public wire bits:   20196
[00022.101841]    Number of memories:               0
[00022.101845]    Number of memory bits:            0
[00022.101848]    Number of processes:              0
[00022.101855]    Number of cells:              19796
[00022.101859]      AND2X1                       1169
[00022.101863]      AOI21X1                       272
[00022.101865]      AOI22X1                      1911
[00022.101869]      DFFSR                        4524
[00022.101872]      INVX1                        2076
[00022.101876]      MUX2X1                       1037
[00022.101879]      NAND2X1                      1767
[00022.101881]      NAND3X1                       299
[00022.101885]      NOR2X1                       1005
[00022.101887]      NOR3X1                         57
[00022.101890]      OAI21X1                      5070
[00022.101894]      OAI22X1                        52
[00022.101899]      OR2X1                         310
[00022.101904]      XNOR2X1                       145
[00022.101908]      XOR2X1                        102
[00022.101911] 
[00022.101920]    Chip area for module '\mesh_xy_noc': 1225150.000000
[00022.101939] 
[00022.101943]    Estimated number of transistors:          0+
[00022.101947] 
