[00069.829255] 
[00069.835434] 15. Printing statistics.
[00069.859330] 
[00069.859353] === mesh_wormhole_xy_noc ===
[00069.859356] 
[00069.859365]    Number of wires:              29765
[00069.859368]    Number of wire bits:          54213
[00069.859371]    Number of public wires:        6394
[00069.859373]    Number of public wire bits:   30842
[00069.859376]    Number of memories:               0
[00069.859379]    Number of memory bits:            0
[00069.859382]    Number of processes:              0
[00069.859384]    Number of cells:              28933
[00069.859387]      AND2X1                        824
[00069.859389]      AOI21X1                      2273
[00069.859392]      AOI22X1                      1392
[00069.859395]      BUFX2                         122
[00069.859398]      DFFSR                        5082
[00069.859401]      INVX1                        3893
[00069.859404]      MUX2X1                        913
[00069.859407]      NAND2X1                      3912
[00069.859410]      NAND3X1                      1083
[00069.859413]      NOR2X1                       2850
[00069.859423]      NOR3X1                        151
[00069.859429]      OAI21X1                      5010
[00069.859434]      OAI22X1                       477
[00069.859439]      OR2X1                         636
[00069.859443]      XNOR2X1                       255
[00069.859448]      XOR2X1                         60
[00069.859451] 
[00069.859458]    Chip area for module '\mesh_wormhole_xy_noc': 1541498.000000
[00069.859476] 
[00069.859481]    Estimated number of transistors:          0+
[00069.859487] 
