[00033.191235] 
[00033.194171] 15. Printing statistics.
[00033.206899] 
[00033.206920] === mesh_wormhole_xy_noc ===
[00033.206923] 
[00033.206926]    Number of wires:              15617
[00033.206959]    Number of wire bits:          29818
[00033.206963]    Number of public wires:        3726
[00033.206965]    Number of public wire bits:   17927
[00033.206968]    Number of memories:               0
[00033.206971]    Number of memory bits:            0
[00033.206975]    Number of processes:              0
[00033.206979]    Number of cells:              14809
[00033.206984]      AND2X1                        430
[00033.206988]      AOI21X1                      1076
[00033.206992]      AOI22X1                       687
[00033.206996]      BUFX2                         125
[00033.207001]      DFFSR                        2648
[00033.207004]      INVX1                        2099
[00033.207007]      MUX2X1                        627
[00033.207010]      NAND2X1                      1833
[00033.207013]      NAND3X1                       612
[00033.207016]      NOR2X1                       1469
[00033.207019]      NOR3X1                        132
[00033.207022]      OAI21X1                      2327
[00033.207025]      OAI22X1                       222
[00033.207028]      OR2X1                         339
[00033.207031]      XNOR2X1                       157
[00033.207034]      XOR2X1                         26
[00033.207037] 
[00033.207044]    Chip area for module '\mesh_wormhole_xy_noc': 801625.000000
[00033.207060] 
[00033.207063]    Estimated number of transistors:          0+
[00033.207067] 
