[00049.682908] 
[00049.688998] 15. Printing statistics.
[00049.710917] 
[00049.710936] === mesh_wormhole_xy_noc ===
[00049.710939] 
[00049.710943]    Number of wires:              27370
[00049.710947]    Number of wire bits:          45675
[00049.710951]    Number of public wires:        4268
[00049.710953]    Number of public wire bits:   22573
[00049.710956]    Number of memories:               0
[00049.710959]    Number of memory bits:            0
[00049.710961]    Number of processes:              0
[00049.710965]    Number of cells:              29344
[00049.710968]      AND2X1                       1022
[00049.710971]      AOI21X1                       950
[00049.710975]      AOI22X1                      2279
[00049.710978]      BUFX2                         125
[00049.710983]      DFFSR                        5972
[00049.710986]      INVX1                        3064
[00049.710989]      MUX2X1                       1427
[00049.710992]      NAND2X1                      4396
[00049.710995]      NAND3X1                      1142
[00049.710998]      NOR2X1                       2405
[00049.711000]      NOR3X1                        189
[00049.711003]      OAI21X1                      5228
[00049.711007]      OAI22X1                       254
[00049.711010]      OR2X1                         463
[00049.711013]      XNOR2X1                       348
[00049.711016]      XOR2X1                         80
[00049.711018] 
[00049.711025]    Chip area for module '\mesh_wormhole_xy_noc': 1711476.000000
[00049.711041] 
[00049.711044]    Estimated number of transistors:          0+
[00049.711048] 
